<?xml version="1.0" encoding="UTF-8"?>
<!-- Generated by org.testng.reporters.JUnitXMLReporter -->
<testsuite ignored="0" hostname="Tushars-MacBook-Air.local" failures="0" tests="3" name="Car loan" time="0.004" errors="0" timestamp="2024-05-09T20:54:45 IST">
  <testcase classname="test.Day3" name="APILoginCarLoan" time="0.0"/>
  <testcase classname="test.Day3" name="MobileLoginCarLoan" time="0.0"/>
  <testcase classname="test.Day3" name="WebLoginCarLoan" time="0.0"/>
</testsuite> <!-- Car loan -->
