<?xml version="1.0" encoding="UTF-8"?>
<testng-results ignored="0" total="1" passed="1" failed="0" skipped="0">
  <reporter-output>
  </reporter-output>
  <suite started-at="2024-05-11T22:32:36 IST" name="Default suite" finished-at="2024-05-11T22:32:36 IST" duration-ms="15">
    <groups>
    </groups>
    <test started-at="2024-05-11T22:32:36 IST" name="Default test" finished-at="2024-05-11T22:32:36 IST" duration-ms="15">
      <class name="PS1">
        <test-method is-config="true" signature="beforeRun()[pri:0, instance:PS1@71e9ddb4]" started-at="2024-05-11T22:32:36 IST" name="beforeRun" finished-at="2024-05-11T22:32:36 IST" duration-ms="3" status="PASS">
          <reporter-output>
          </reporter-output>
        </test-method> <!-- beforeRun -->
        <test-method signature="a()[pri:0, instance:PS1@71e9ddb4]" started-at="2024-05-11T22:32:36 IST" name="a" finished-at="2024-05-11T22:32:36 IST" duration-ms="2" status="PASS">
          <reporter-output>
          </reporter-output>
        </test-method> <!-- a -->
      </class> <!-- PS1 -->
    </test> <!-- Default test -->
  </suite> <!-- Default suite -->
</testng-results>
